<?xml version="1.0" encoding="UTF-8"?>
<!-- Generated by org.testng.reporters.JUnitReportReporter -->
<testsuite skipped="0" hostname="2DI3052" name="tests.TC_001_Login_Valid1" tests="1" failures="0" timestamp="16 Jan 2020 10:19:24 GMT" time="35.861" errors="0">
  <testcase name="Invalid_Login_Test" time="35.861" classname="tests.TC_001_Login_Valid1"/>
</testsuite> <!-- tests.TC_001_Login_Valid1 -->
