<?xml version="1.0" encoding="UTF-8"?>
<!-- Generated by org.testng.reporters.JUnitReportReporter -->
<testsuite skipped="0" hostname="2DI3052" name="tests.TC_001_Login_Valid1" tests="2" failures="0" timestamp="07 Jan 2020 12:57:30 GMT" time="60.021" errors="0">
  <testcase name="Invalid_Login_Test" time="10.242" classname="tests.TC_001_Login_Valid1"/>
  <testcase name="Valid_Login_Test" time="49.779" classname="tests.TC_001_Login_Valid1"/>
</testsuite> <!-- tests.TC_001_Login_Valid1 -->
