<?xml version="1.0" encoding="UTF-8"?>
<!-- Generated by org.testng.reporters.JUnitReportReporter -->
<testsuite skipped="0" hostname="2DI3052" name="tests.TC_001_Login_Valid1" tests="1" failures="0" timestamp="16 Jan 2020 11:36:36 GMT" time="54.510" errors="0">
  <testcase name="Invalid_Login_Test" time="54.510" classname="tests.TC_001_Login_Valid1"/>
</testsuite> <!-- tests.TC_001_Login_Valid1 -->
